<?xml version="1.0" encoding="UTF-8"?>
<!-- Generated by org.testng.reporters.JUnitXMLReporter -->
<testsuite ignored="0" hostname="PE-HO-011" failures="0" tests="5" name="Default test" time="16.287" errors="0" timestamp="2022-10-07T16:04:13 COT">
  <testcase classname="testNG.RunTestNG" name="alertsTQA" time="0.004"/>
  <testcase classname="testNG.RunTestNG" name="widgetsTQA" time="0.001"/>
  <testcase classname="testNG.RunTestNG" name="seleccionaProducto" time="0.002"/>
  <testcase classname="testNG.RunTestNG" name="crearCuentaDesdeInicio" time="0.001"/>
  <testcase classname="testNG.RunTestNG" name="registroMercuryTours" time="14.274"/>
</testsuite> <!-- Default test -->
