<?xml version="1.0" encoding="UTF-8"?>
<testng-results ignored="0" total="5" passed="5" failed="0" skipped="0">
  <reporter-output>
  </reporter-output>
  <suite started-at="2022-10-07T16:03:56 COT" name="Suite" finished-at="2022-10-07T16:04:13 COT" duration-ms="16287">
    <groups>
    </groups>
    <test started-at="2022-10-07T16:03:56 COT" name="Default test" finished-at="2022-10-07T16:04:13 COT" duration-ms="16287">
      <class name="testNG.RunTestNG">
        <test-method is-config="true" signature="beforeClass(java.lang.String,java.lang.String,java.lang.String,java.lang.String,java.lang.String)[pri:0, instance:testNG.RunTestNG@783a467b]" started-at="2022-10-07T16:03:56 COT" name="beforeClass" finished-at="2022-10-07T16:03:58 COT" duration-ms="1295" status="PASS">
          <params>
            <param index="0">
              <value>
                <![CDATA[./imagenes/logo_periferia.png]]>
              </value>
            </param>
            <param index="1">
              <value>
                <![CDATA[./imagenes/logo_ml.png]]>
              </value>
            </param>
            <param index="2">
              <value>
                <![CDATA[./imagenes/logo_TQA.png]]>
              </value>
            </param>
            <param index="3">
              <value>
                <![CDATA[./imagenes/logo_MT.png]]>
              </value>
            </param>
            <param index="4">
              <value>
                <![CDATA[./output]]>
              </value>
            </param>
          </params>
          <reporter-output>
          </reporter-output>
        </test-method> <!-- beforeClass -->
        <test-method signature="alertsTQA(java.lang.String,java.lang.String,java.lang.String,java.lang.String)[pri:1, instance:testNG.RunTestNG@783a467b]" started-at="2022-10-07T16:03:58 COT" name="alertsTQA" data-provider="dataAlertsTQA" finished-at="2022-10-07T16:03:58 COT" duration-ms="4" status="PASS">
          <params>
            <param index="0">
              <value>
                <![CDATA[NO]]>
              </value>
            </param>
            <param index="1">
              <value>
                <![CDATA[SI]]>
              </value>
            </param>
            <param index="2">
              <value>
                <![CDATA[https://demoqa.com]]>
              </value>
            </param>
            <param index="3">
              <value>
                <![CDATA[Edward]]>
              </value>
            </param>
          </params>
          <reporter-output>
          </reporter-output>
        </test-method> <!-- alertsTQA -->
        <test-method signature="widgetsTQA(java.lang.String,java.lang.String,java.lang.String)[pri:2, instance:testNG.RunTestNG@783a467b]" started-at="2022-10-07T16:03:58 COT" name="widgetsTQA" data-provider="dataWidgetsTQA" finished-at="2022-10-07T16:03:58 COT" duration-ms="1" status="PASS">
          <params>
            <param index="0">
              <value>
                <![CDATA[NO]]>
              </value>
            </param>
            <param index="1">
              <value>
                <![CDATA[SI]]>
              </value>
            </param>
            <param index="2">
              <value>
                <![CDATA[https://demoqa.com]]>
              </value>
            </param>
          </params>
          <reporter-output>
          </reporter-output>
        </test-method> <!-- widgetsTQA -->
        <test-method signature="seleccionaProducto(java.lang.String,java.lang.String,java.lang.String,java.lang.String,java.lang.String)[pri:3, instance:testNG.RunTestNG@783a467b]" started-at="2022-10-07T16:03:58 COT" name="seleccionaProducto" data-provider="datosMercadoLibre1" finished-at="2022-10-07T16:03:58 COT" duration-ms="2" status="PASS">
          <params>
            <param index="0">
              <value>
                <![CDATA[NO]]>
              </value>
            </param>
            <param index="1">
              <value>
                <![CDATA[SI]]>
              </value>
            </param>
            <param index="2">
              <value>
                <![CDATA[silla]]>
              </value>
            </param>
            <param index="3">
              <value>
                <![CDATA[edward@periferia.com]]>
              </value>
            </param>
            <param index="4">
              <value>
                <![CDATA[https://www.mercadolibre.com.co]]>
              </value>
            </param>
          </params>
          <reporter-output>
          </reporter-output>
        </test-method> <!-- seleccionaProducto -->
        <test-method signature="crearCuentaDesdeInicio(java.lang.String,java.lang.String,java.lang.String,java.lang.String)[pri:4, instance:testNG.RunTestNG@783a467b]" started-at="2022-10-07T16:03:58 COT" name="crearCuentaDesdeInicio" data-provider="datosMercadoLibre2" finished-at="2022-10-07T16:03:58 COT" duration-ms="1" status="PASS">
          <params>
            <param index="0">
              <value>
                <![CDATA[NO]]>
              </value>
            </param>
            <param index="1">
              <value>
                <![CDATA[SI]]>
              </value>
            </param>
            <param index="2">
              <value>
                <![CDATA[edward@periferia.com]]>
              </value>
            </param>
            <param index="3">
              <value>
                <![CDATA[https://www.mercadolibre.com.co]]>
              </value>
            </param>
          </params>
          <reporter-output>
          </reporter-output>
        </test-method> <!-- crearCuentaDesdeInicio -->
        <test-method signature="registroMercuryTours(java.lang.String,java.lang.String,java.lang.String,java.lang.String,java.lang.String,java.lang.String,java.lang.String,java.lang.String,java.lang.String,java.lang.String,java.lang.String,java.lang.String,java.lang.String,java.lang.String)[pri:5, instance:testNG.RunTestNG@783a467b]" started-at="2022-10-07T16:03:58 COT" name="registroMercuryTours" data-provider="dataMercuryTours" finished-at="2022-10-07T16:04:12 COT" duration-ms="14274" status="PASS">
          <params>
            <param index="0">
              <value>
                <![CDATA[SI]]>
              </value>
            </param>
            <param index="1">
              <value>
                <![CDATA[SI]]>
              </value>
            </param>
            <param index="2">
              <value>
                <![CDATA[https://demo.guru99.com/selenium/newtours/index.php]]>
              </value>
            </param>
            <param index="3">
              <value>
                <![CDATA[Edward]]>
              </value>
            </param>
            <param index="4">
              <value>
                <![CDATA[Rubiano]]>
              </value>
            </param>
            <param index="5">
              <value>
                <![CDATA[30098472]]>
              </value>
            </param>
            <param index="6">
              <value>
                <![CDATA[ed@gmail.com]]>
              </value>
            </param>
            <param index="7">
              <value>
                <![CDATA[KR 87 77 88]]>
              </value>
            </param>
            <param index="8">
              <value>
                <![CDATA[Bogota]]>
              </value>
            </param>
            <param index="9">
              <value>
                <![CDATA[Bogota]]>
              </value>
            </param>
            <param index="10">
              <value>
                <![CDATA[18728]]>
              </value>
            </param>
            <param index="11">
              <value>
                <![CDATA[Fiji]]>
              </value>
            </param>
            <param index="12">
              <value>
                <![CDATA[edward]]>
              </value>
            </param>
            <param index="13">
              <value>
                <![CDATA[abcdefg]]>
              </value>
            </param>
          </params>
          <reporter-output>
          </reporter-output>
        </test-method> <!-- registroMercuryTours -->
        <test-method is-config="true" signature="afterClass()[pri:0, instance:testNG.RunTestNG@783a467b]" started-at="2022-10-07T16:04:12 COT" name="afterClass" finished-at="2022-10-07T16:04:13 COT" duration-ms="129" status="PASS">
          <reporter-output>
          </reporter-output>
        </test-method> <!-- afterClass -->
      </class> <!-- testNG.RunTestNG -->
    </test> <!-- Default test -->
  </suite> <!-- Suite -->
</testng-results>
